
> homepage-sortelba-com@0.1.0 dev
> next dev

⚠ Warning: Next.js inferred your workspace root, but it may not be correct.
 We detected multiple lockfiles and selected the directory of /Users/steffenortelbach/package-lock.json as the root directory.
 To silence this warning, set `turbopack.root` in your Next.js config, or consider removing one of the lockfiles if it's not needed.
   See https://nextjs.org/docs/app/api-reference/config/next-config-js/turbopack#root-directory for more information.
 Detected additional lockfiles: 
   * /Users/steffenortelbach/Documents/CurbsideHomepage/curbside-magazine/package-lock.json

▲ Next.js 16.1.6 (Turbopack)
- Local:         http://localhost:3000
- Network:       http://192.168.178.32:3000

✓ Starting...
✓ Ready in 1151ms
 GET /api/settings?key=skatelife-secret 200 in 205ms (compile: 190ms, render: 15ms)
Starting scrape job...
Scraping 10 news sources, YouTube, and 4 Instagram tags...
Fetching RSS for Boardstation...
Fetching RSS for Limited Skateboarding...
Fetching RSS for Irregular Magazin...
Fetching RSS for Shredder News...
Fetching RSS for Jenkem Mag...
Fetching RSS for Thrasher News...
Fetching RSS for Transworld...
Fetching RSS for Solo Skate Mag...
Fetching RSS for Pocket Skate Mag...
Fetching RSS for Place Magazine...
RSS fetch failed for Thrasher News: 500
Fetch failed for https://www.skateboarding.com/news/late-nite-stars-in-japan-and-korea: 403 Forbidden
Fetch failed for https://www.skateboarding.com/news/video-qualifier-series-returns-for-2026-pdx-rockstar-energy-open: 403 Forbidden
Fetch failed for https://www.skateboarding.com/news/jacob-rosenbergs-epicenter-hits-france: 403 Forbidden
Fetch failed for https://www.skateboarding.com/news/marc-johnson-1977-2026: 403 Forbidden
Fetch failed for https://www.skateboarding.com/news/treveon-wades-we-got-this-on-the-stove-video-part: 403 Forbidden
Error scraping RSS Place Magazine: TypeError: fetch failed
    at async scrapeRssSource (src/lib/scraper.ts:193:26)
    at async scrapeAllSources (src/lib/scraper.ts:329:25)
    at async GET (src/app/api/cron/scrape/route.ts:24:25)
  191 |     try {
  192 |         console.log(`Fetching RSS for ${source.name}...`);
> 193 |         const response = await fetchWithHeaders(source.url);
      |                          ^
  194 |
  195 |         if (!response.ok) {
  196 |             console.warn(`RSS fetch failed for ${source.name}: ${response.status}`); {
  [cause]: Error [SocketError]: other side closed
      at ignore-listed frames {
    code: 'UND_ERR_SOCKET',
    socket: {
      localAddress: '192.168.178.32',
      localPort: 49306,
      remoteAddress: '52.40.42.113',
      remotePort: 443,
      remoteFamily: 'IPv4',
      timeout: undefined,
      bytesWritten: 403,
      bytesRead: 0
    }
  }
}
Error scraping RSS Solo Skate Mag: TypeError: fetch failed
    at async scrapeRssSource (src/lib/scraper.ts:193:26)
    at async scrapeAllSources (src/lib/scraper.ts:329:25)
    at async GET (src/app/api/cron/scrape/route.ts:24:25)
  191 |     try {
  192 |         console.log(`Fetching RSS for ${source.name}...`);
> 193 |         const response = await fetchWithHeaders(source.url);
      |                          ^
  194 |
  195 |         if (!response.ok) {
  196 |             console.warn(`RSS fetch failed for ${source.name}: ${response.status}`); {
  [cause]: Error [ConnectTimeoutError]: Connect Timeout Error (attempted address: soloskatemag.com:443, timeout: 10000ms)
      at ignore-listed frames {
    code: 'UND_ERR_CONNECT_TIMEOUT'
  }
}
Searching for #skateboarding on Instagram via DuckDuckGo...
Searching for #berics on Instagram via DuckDuckGo...
Searching for #thrasher on Instagram via DuckDuckGo...
Searching for #skateboardingisfun on Instagram via DuckDuckGo...
Found 1 real posts via DDG.
Found 6 real posts via DDG.
Found 6 real posts via DDG.
Found 6 real posts via DDG.
GEMINI_API_KEY not found. Returning original content.
GEMINI_API_KEY not found. Returning original content.
GEMINI_API_KEY not found. Returning original content.
GEMINI_API_KEY not found. Returning original content.
GEMINI_API_KEY not found. Returning original content.
GEMINI_API_KEY not found. Returning original content.
GEMINI_API_KEY not found. Returning original content.
GEMINI_API_KEY not found. Returning original content.
GEMINI_API_KEY not found. Returning original content.
GEMINI_API_KEY not found. Returning original content.
GEMINI_API_KEY not found. Returning original content.
GEMINI_API_KEY not found. Returning original content.
GEMINI_API_KEY not found. Returning original content.
GEMINI_API_KEY not found. Returning original content.
GEMINI_API_KEY not found. Returning original content.
GEMINI_API_KEY not found. Returning original content.
GEMINI_API_KEY not found. Returning original content.
GEMINI_API_KEY not found. Returning original content.
GEMINI_API_KEY not found. Returning original content.
GEMINI_API_KEY not found. Returning original content.
GEMINI_API_KEY not found. Returning original content.
GEMINI_API_KEY not found. Returning original content.
GEMINI_API_KEY not found. Returning original content.
GEMINI_API_KEY not found. Returning original content.
GEMINI_API_KEY not found. Returning original content.
GEMINI_API_KEY not found. Returning original content.
GEMINI_API_KEY not found. Returning original content.
GEMINI_API_KEY not found. Returning original content.
GEMINI_API_KEY not found. Returning original content.
GEMINI_API_KEY not found. Returning original content.
GEMINI_API_KEY not found. Returning original content.
 GET /api/cron/scrape?mode=draft&key=skatelife-secret 200 in 12.4s (compile: 106ms, render: 12.3s)
 POST /api/posts/create 200 in 29ms (compile: 23ms, render: 5ms)
 POST /api/posts/create 200 in 4ms (compile: 931µs, render: 3ms)
 POST /api/posts/create 200 in 4ms (compile: 730µs, render: 3ms)
